生成启动时间为 2015/12/30 14:56:50。
     1>项目“c:\Users\administrator\documents\visual studio 2010\Projects\OpenGL\OpenGL\OpenGL.vcxproj”在节点 2 上(build 个目标)。
     1>InitializeBuildStatus:
         正在创建“Debug\OpenGL.unsuccessfulbuild”，因为已指定“AlwaysCreate”。
       ClCompile:
         所有输出均为最新。
         D:\Microsoft Visual Studio 10.0\VC\bin\CL.exe /c /ZI /nologo /W3 /WX- /Od /Oy- /D WIN32 /D _DEBUG /D _CONSOLE /D _UNICODE /D UNICODE /Gm /EHsc /RTC1 /MDd /GS /fp:precise /Zc:wchar_t /Zc:forScope /Yu"StdAfx.h" /Fp"Debug\OpenGL.pch" /Fo"Debug\\" /Fd"Debug\vc100.pdb" /Gd /TP /analyze- /errorReport:prompt OpenGL.cpp
         OpenGL.cpp
       ManifestResourceCompile:
         所有输出均为最新。
       Link:
         D:\Microsoft Visual Studio 10.0\VC\bin\link.exe /ERRORREPORT:PROMPT /OUT:"c:\users\administrator\documents\visual studio 2010\Projects\OpenGL\Debug\OpenGL.exe" /INCREMENTAL /NOLOGO opengl32.lib glut32.lib glu32.lib OpenThreadsd.lib osgd.lib osgDBd.lib osgUtild.lib osgGAd.lib osgViewerd.lib osgTextd.lib osgParticled.lib osgManipulatord.lib osgPresentationd.lib osgQtd.lib osgShadowd.lib osgSimd.lib osgTerrain.lib kernel32.lib user32.lib gdi32.lib winspool.lib comdlg32.lib advapi32.lib shell32.lib ole32.lib oleaut32.lib uuid.lib odbc32.lib odbccp32.lib /MANIFEST /ManifestFile:"Debug\OpenGL.exe.intermediate.manifest" /MANIFESTUAC:"level='asInvoker' uiAccess='false'" /DEBUG /PDB:"c:\users\administrator\documents\visual studio 2010\Projects\OpenGL\Debug\OpenGL.pdb" /SUBSYSTEM:CONSOLE /TLBID:1 /DYNAMICBASE /NXCOMPAT /IMPLIB:"c:\users\administrator\documents\visual studio 2010\Projects\OpenGL\Debug\OpenGL.lib" /MACHINE:X86 Debug\OpenGL.exe.embed.manifest.res
         Debug\OpenGL.obj
         Debug\stdafx.obj
       Manifest:
         C:\Program Files (x86)\Microsoft SDKs\Windows\v7.0A\bin\mt.exe /nologo /verbose /out:"Debug\OpenGL.exe.embed.manifest" /manifest Debug\OpenGL.exe.intermediate.manifest
         所有输出均为最新。
       LinkEmbedManifest:
         所有输出均为最新。
         OpenGL.vcxproj -> c:\users\administrator\documents\visual studio 2010\Projects\OpenGL\Debug\OpenGL.exe
       FinalizeBuildStatus:
         正在删除文件“Debug\OpenGL.unsuccessfulbuild”。
         正在对“Debug\OpenGL.lastbuildstate”执行 Touch 任务。
     1>已完成生成项目“c:\Users\administrator\documents\visual studio 2010\Projects\OpenGL\OpenGL\OpenGL.vcxproj”(build 个目标)的操作。

生成成功。

已用时间 00:00:00.51
